65
5
2
2
2
3
2
7
2
2
4
2
7
5
2
13
3
4
2
108
2
3
67
15
2
2
9
2
3
3
16
5
21
52
42
2
3
2
2
4
6
24
3
9
18
5
8
3
7
3
2
3
2
117
6
39
10
2
9
35
2
3
7
21
4
8
2
2
29
12
4
2
4
4
2
2
2
20
2
2
6
5
3
49
2
2
3
2
3
6
7
10
11
3
4
9
2
6
21
24
1233
13
2
1429
2
3
4
10
11
3
2
4
5
2
36
63
2
7
53
6
3
85
2
4
2
5
21
2
7
3
6
3
56
5
12
4
2
2
6
3
14
12
2
2
3
2
2
14
10
2
16
31
4
180
69
4
4
4
19
6
5
4
4
3
6
2
2
16
6
3
3
2
2
2
71
6
18
2
3
2
3
3
3
2
8
6
2
4
113
3
2
51
2
17
2
4
5
12
2
4
388151563
1033890628
204082317
12048415
327426529
815211954
197108468
827818886
743598935
650255191
10766898871
79080070997
11230026577
403030474
1435172491
7985375535
4365401252
1237968301
2198614088
937313174
3428784048
107477025
1354241176
1391929841
937070249
72213541
4996749497
5382239499
69826020
1075946079
4527333057
4040406385
264358550
663393383
1905345275
2043623217
242386417
1219433503
665443842
749658501
592287429
1180390440
248499380
1235274036
285215196
844595855
4334697323
9960089617
607507243
1101330165
2344843673
1650637442
3173798279
915731742
392415908
1191792093
736663815
451265157
344790683
1868457855
1032744963
423007374
487670933
1759759178
868855937
184402893
1324333382
489108674
1195874722
418861229
10310179772
406473883
31016010
970611114
1359471164
869923552
275437136
276968312
6798260880
18564475179
791101651
332091256
1252851995
214726652
1170485477
845549524
587409277
812540412
585522097
2063869323
2240892972
2828540318
85895903
1370296692
1839957938
1009598506
870338734
13175649
956512886
226154425
1199907567
1514573489
3993033271
826192551
521458265
3364412440
851178577
736539806
5156420184
866429148
1845430216
838386026
1390051961
1491367018
507802905
19281786512
132879458
5138241347
2048121458
22476802105
952809442
1868139555
4285337720
392545238
752152846
369967245
178313013
7504746170
707381844
462823432
900530812
46333210
1970447957
5345122483
1009729945
401532413
4141146311
7012286307
42163009
329311114
191639084
304641492
703294674
409087514
519122010
133712438
1773989456
1166312094
1756496945
361018535
1107251213
1933157257
4110253399
93223426778
713301252
228524178
3874290737
1497392203
31368665030
2060334217
2155956625
869641444
2150028963
7138232099
729180791
3738495761
1929800393
1863125753
20132991379
916807275
282606272
1021383669
675495556
792588026
544650198
1059133660
56741003
652869423
9722479549
1004528213
879100779
913907538
598392572
133249206
689253151
473804588
1444769297
967129657
2070001990
2966172033
580267425
2612023071
6865578819
1209714259
1407673334
953172321
1211226550
2410005140
2721406825
625448002
23728997
1169476538
330961367
1961954730
3326549290
649822031
470237329
114035531
1263862650
1162217121
2040767473
1195679945
7774478840
645629755
4947139848
745205174
608275755
145914163
5282953921
1360695298
1128431920
1455819699
409981765
3660359001
1581842640
1574649691
317818070
266132793
812475481
225749901
1769664290
847630609
1022486558
1573217493
9278216265
619074906
1258562310
41890168
3433884412
1366022950
2599593996
24598304432
1287992754
123352815
28762502132
355139679
1840439181
1326830785
2147905646
2184937616
6142129131
287962969
38727400
6372092534
1339408912
907431624
5244582706
175746485
5550304571
202447313
1263885636
223993568
443436788
1394388414
2921878709
688050210
110453157
39592934522
233313451
1136156494
85446455
219205722
242649251
3446420651
3596847647
3080867542
824295062
4081310731
12091086756
412580954
2541315819
852414105
536321556
2190293725
127521646
2493581211
382983221
716459915
1003419959
2132316607
2077971325
1199804411
30928812
512858510
1626671004
3361427678
1469106510
713856681
84576751
609873852
379434172
771330775
406547193
2954932159
4595431301
401368507
1031330407
361745003
239886640
1862301548
1548975304
47738627265
10290158
4084396913
2619864901
1502829948
2696175157
1109185442
341187532
3055042358
1171267013
954618913
869125437
751457044
404006588
856665954
32213521708
21747059977
3068666989
3479831010
1179750681
774993745
260141449
6430123025
10697981
3757362902
2026818854
3889901573
321184130
511601422
8637970047
1812484345
11097497359
19862254
1894375992
518323374
6328717474
436775116
912319958
3577220126
2475629125
5441766954
271201458
882546055
3324095786
1529978658
1731972959
789873760
2883498327
1088000081
2755632281
1056541286
1015082990
818499922
779514717
948525789
41927041
1182947546
6886126612
738468525
2244206657
303302713
272807503
292051189
991248042
524839360
22452292144
963652142
531838355
10607907555
1134662470
1550498518
892525002
600861710
597172927
5576862221
824480477
1490342421
519409949
383970204
808492642
1010058545
116881904
736863184
104917109
3546637027
236329293
1743155602
378630117
3430418249
1596532721
3625377476
741451794
1339755279
1180782656
1088078563
966564094
322213818801
96761543086
3624887614
603866200
18790336528
2341262082
527675950
454171675
1542413638
887772484
317179993
3777795204
1211671922
4760017168
1003372145
6823330431
436023530
559093088
2013466705
575025719
1211697910
560009627
2311080300
156222616
2992975617
118411442
746082781
518647366
4509880610
1185828855
3019899045
848657016
704164294
876660765
173086485
263650051
913375875
371975120
748434728
855400578
572118826
920547155
76192230
5730447693
3078207453
1424438399
14021180652
6097538561
1229536824
51877374
1006156504
2625889516
1393566834
866748835
1153417190
3071750300
74427177
41499714
423599202
974561190
2672312216
1496201947
879635678
1125021196
4131486505
274221319
2539729985
2095372415
797652061
466516478
973627829
5226513891
674701790
520131881
334915619
873896990
960341486
1110027726
6099755734
2269678549
79792770
1596326047
900518692
1374486218
1275288385
630924356
741717888
1274028976
292722515
878477110
294433159
2736654473
1684689279
2276264402
7143615335
1704197011
7227066292
2371299688
5653096462
461073154
1068540978
462831698
882737735
101012878
492661397
59682920
773200850
118938394559
29673361648
1890576333
9809362410
2421360858
4781846110
823236082
767464820
3277680522
1304288563
1837373949
276735738
1990032894
792701657
1524560787
315085584
1618678182
916529098
2276923551
696497152
4046388398
1526355893
1426868061
1052552982
766548618
182232404
2108151563
3189922874
510435
28347172367
354745118
257741904
1489612730
587708748
579344602
1066520029
934525665
974826865
1151519266
8009108
854361662
367517753
1690247059
207786387
2755795
3789630909
1125783870
1010784656
128995841715
2337153149
533816840
1036734473
12139380
1083042262
510672182
396080032
2210305022
460759704
884172109
2327934901
1169438286
825446975
668602940
461624381
1293975641
1245936899
1374170761
388488393
534890160
1173449270
752858549
1066047779
534031069
474394145
3817632779
1419165988
26446202410
978380776
1608605767
32124790
16117099
41335618
766187346
3393336897
1350599268
555048156
793130720
258086696
769238925
763562820
750450418
396868883
926124706
1632191646
1870242203
2136387067
598539278
818512038
48284554
821697604
444568135
1487931554
1572587850
344508658
6571468
823198598
783260575
518888849
1166646339
2390680485
150523066
2490002157
1699355788
1204756855
122813842
129505348
1437630069
486613804
941110780
733065924
351508831
201918831
725241496
6360005103
578942083
638484278
380084108
5423323572
996853373
8371498752
1602819009
42573041
10210093776
731710874
4188955019
2175266966
1873893791
542294220
4232034557
375158499
695171030
1728663252
1975816537
359271958
727362845
1569763237
1827767366
773886669
102188888
1114218624
1015478852
2567425878
671513633
73568891
1270251859
1188232575
1160608837
355423148
2815085711
5694082027
9509955444
8496060018
6330570563
1085524960
567891892
955881865
1489244214
136902848
250152396
668466097
978572227
6707440437
482879162
453277541
1025034557
147921404
863125823
9269021819
259838905
1137223247
888891885
1794335449
989109873
932423649
2739334243
1799799681
1027258172
626855789
735796970
6451136089
1731821895
1034404258
1099697399
633153387
303410881
1010609027
191720546
365929764
2313141256
529633710
48671237763
3056069832
2619178
215839878
1564705278
1964827564
2403640491
4237064763
439674126
12047460151
356235006
1253159124
1361837981
662616759
958840006
1145484221
2534052276
2254277759
1288545868
2017634959
1514348239
6095188198
1680826154
455485242
242365610
3269701581
17761259945
1380018608
33389324
1925924202
1062232113
261322749
13010699189
691885840
610028369
634198661
322468421
1231265430
892376875
3950415763
962732802
1107407121
1578812375
8627352329
517634330
1811645425
710731309
2221062099
3020518015
249192503
2777440039
343605177
513238121
28801060666
623195507
806149338591
1061186133
33741865
290022665
1690718442
1613403822
2639751800
5085854874
880639178
75356229
374824751
1118575215
197508466
1268895008
798207779
12902081796
1476803940
602106184
3037522741
7595357143
49993367
283968633
1724875257
752262154
62728463
1538035868
1327665945
2492520050
1535304176
1193547952
297448027
